<?xml version="1.0" encoding="UTF-8"?>
<testsuite name="TestClass" tests="1" skipped="0" failures="0" errors="0" timestamp="2019-08-19T11:34:34" hostname="RENTLAPT0100" time="0.009">
  <properties/>
  <testcase name="Test2" classname="TestClass" time="0.009"/>
  <system-out><![CDATA[]]></system-out>
  <system-err><![CDATA[]]></system-err>
</testsuite>
